(=, 5, N/A, a)
(=, 3.140000, N/A, b)
(=, z, N/A, c)
(=, hello, N/A, s)
(=, true, N/A, t)
(=, 5, N/A, a)
(=, 3.140000, N/A, b)
(=, z, N/A, c)
(=, hello, N/A, s)
(=, true, N/A, t)
(=, 100, N/A, max)
(=, 3.141500, N/A, pi)
(=, 
, N/A, newline)
(=, "Hi
Hi again", N/A, greeting)
(=, false, N/A, isOn)
(+, 2.500000, 3, t0)
(=, t0, N/A, coerced)
(+, 5, 2.500000, t0)
(=, t0, N/A, mixed)
(-, 3, N/A, t0)
(=, t0, N/A, neg)
(&, true, false, t0)
(=, t0, N/A, logic1)
(|, true, false, t0)
(=, t0, N/A, logic2)
(!, true, N/A, t0)
(&, false, true, t1)
(|, t0, t1, t2)
(=, t2, N/A, logic3)
(>, 5, 3, t0)
(<, 10, 20, t1)
(&, t0, t1, t2)
(=, t2, N/A, logic4)
(*, 3, 4, t0)
(+, 2, t0, t1)
(=, t1, N/A, math1)
(+, 2, 3, t0)
(*, t0, 4, t1)
(=, t1, N/A, math2)
(/, 10, 2, t0)
(=, t0, N/A, math3)
(%, 10, 3, t0)
(=, t0, N/A, math4)
(^, 2, 3, t0)
(=, t0, N/A, math5)
(==, 5, 5, t0)
(=, t0, N/A, eq1)
(!=, 5, 3, t0)
(=, t0, N/A, eq2)
(>=, 5, 2, t0)
(=, t0, N/A, eq3)
(<, 3, 2, t0)
(=, t0, N/A, eq4)
(<, a, z, t0)
(=, t0, N/A, eq5)
(==, hi, hi, t0)
(=, t0, N/A, eq6)
(==, 5, 5.000000, t0)
(=, t0, N/A, eq7)
(!=, a, b, t0)
(=, t0, N/A, eq8)
(=, s, N/A, id_as_val)
(+, 3, 1, t0)
(==, 5, t0, t1)
(+, 2, 4, t2)
(/, 4, 2, t3)
(<, 5, 8, t4)
(>, 3, 9, t5)
(=, (null), N/A, sx)
(=, (null), N/A, sx)
(=, a, N/A, sx)
(+, 3, 5, t0)
(+, 3, 5, t1)
(-, t1, 4, t2)
(/, t2, 2, t3)
(*, 8, 12, t4)
(+, t3, t4, t5)
(+, t5, 60, t6)
(^, 3, 2, t7)
(-, t6, t7, t8)
(=, t8, N/A, qw)
